<?xml version="1.0" encoding="UTF-8"?>
<!-- Generated by org.testng.reporters.JUnitReportReporter -->
<testsuite hostname="DESKTOP-GEPM7HA" name="TestSelenium" tests="1" failures="0" timestamp="27 May 2021 23:38:23 GMT" time="0.008" errors="0">
  <testcase name="setUp" time="0.008" classname="TestSelenium"/>
</testsuite> <!-- TestSelenium -->
